<?xml version="1.0" encoding="UTF-8"?>
<!-- Generated by org.testng.reporters.JUnitReportReporter -->
<testsuite hostname="DESKTOP-25A5VGP" failures="0" tests="1" name="polovniautomobili.com.DropdownTest" time="22.685" errors="0" timestamp="2022-09-21T15:28:25 CEST" skipped="0">
  <testcase classname="polovniautomobili.com.DropdownTest" name="test" time="22.685"/>
  <system-out/>
</testsuite> <!-- polovniautomobili.com.DropdownTest -->
