<?xml version="1.0" encoding="UTF-8"?>
<!-- Generated by org.testng.reporters.JUnitReportReporter -->
<testsuite hostname="DESKTOP-25A5VGP" failures="0" tests="1" name="polovniautomobili.com.MotoriTests" time="30.593" errors="0" timestamp="2022-09-19T17:12:51 CEST" skipped="0">
  <testcase classname="polovniautomobili.com.MotoriTests" name="test" time="30.593"/>
  <system-out/>
</testsuite> <!-- polovniautomobili.com.MotoriTests -->
