<?xml version="1.0" encoding="UTF-8"?>
<!-- Generated by org.testng.reporters.JUnitReportReporter -->
<testsuite hostname="DESKTOP-25A5VGP" failures="0" tests="2" name="polovniautomobili.com.LoginTest" time="6.224" errors="0" timestamp="2022-10-09T21:50:17 CEST" skipped="0">
  <testcase classname="polovniautomobili.com.LoginTest" name="invalidCredentials" time="6.161"/>
  <system-out/>
  <testcase classname="polovniautomobili.com.LoginTest" name="validCredentials" time="0.063"/>
  <system-out/>
</testsuite> <!-- polovniautomobili.com.LoginTest -->
