<?xml version="1.0" encoding="UTF-8"?>
<!-- Generated by org.testng.reporters.JUnitReportReporter -->
<testsuite hostname="DESKTOP-25A5VGP" failures="0" tests="1" name="polovniautomobili.com.InvalidEntryTest" time="4.500" errors="0" timestamp="2022-10-09T12:35:49 CEST" skipped="0">
  <testcase classname="polovniautomobili.com.InvalidEntryTest" name="invalidEntryTest" time="4.500"/>
  <system-out/>
</testsuite> <!-- polovniautomobili.com.InvalidEntryTest -->
