<?xml version="1.0" encoding="UTF-8"?>
<!-- Generated by org.testng.reporters.JUnitReportReporter -->
<testsuite hostname="DESKTOP-25A5VGP" failures="0" tests="4" name="polovniautomobili.com.CarsTest" time="78.230" errors="0" timestamp="2022-10-07T12:42:51 CEST" skipped="0">
  <testcase classname="polovniautomobili.com.CarsTest" name="SearcCarsTest" time="8.599"/>
  <system-out/>
  <testcase classname="polovniautomobili.com.CarsTest" name="SearcCarsTest" time="18.105"/>
  <system-out/>
  <testcase classname="polovniautomobili.com.CarsTest" name="carTest" time="28.603"/>
  <system-out/>
  <testcase classname="polovniautomobili.com.CarsTest" name="carTest" time="22.923"/>
  <system-out/>
</testsuite> <!-- polovniautomobili.com.CarsTest -->
