<?xml version="1.0" encoding="UTF-8"?>
<!-- Generated by org.testng.reporters.JUnitReportReporter -->
<testsuite hostname="DESKTOP-25A5VGP" failures="0" tests="1" name="polovniautomobili.com.DropdownSelectTest" time="22.903" errors="0" timestamp="2022-09-22T21:44:37 CEST" skipped="0">
  <testcase classname="polovniautomobili.com.DropdownSelectTest" name="carTest" time="22.903"/>
  <system-out/>
</testsuite> <!-- polovniautomobili.com.DropdownSelectTest -->
