<?xml version="1.0" encoding="UTF-8"?>
<!-- Generated by org.testng.reporters.JUnitReportReporter -->
<testsuite hostname="DESKTOP-25A5VGP" failures="0" tests="2" name="polovniautomobili.com.DropdownSelectTest" time="160.671" errors="0" timestamp="2022-10-01T11:36:17 CEST" skipped="0">
  <testcase classname="polovniautomobili.com.DropdownSelectTest" name="motorcyclesTest" time="40.676"/>
  <system-out/>
  <testcase classname="polovniautomobili.com.DropdownSelectTest" name="carTest" time="119.995"/>
  <system-out/>
</testsuite> <!-- polovniautomobili.com.DropdownSelectTest -->
