<?xml version="1.0" encoding="UTF-8"?>
<!-- Generated by org.testng.reporters.JUnitReportReporter -->
<testsuite hostname="DESKTOP-25A5VGP" failures="0" tests="1" name="polovniautomobili.com.LoginTest" time="13.373" errors="0" timestamp="2022-10-13T14:59:05 CEST" skipped="0">
  <testcase classname="polovniautomobili.com.LoginTest" name="logInCredentials" time="13.373"/>
  <system-out/>
</testsuite> <!-- polovniautomobili.com.LoginTest -->
