<?xml version="1.0" encoding="UTF-8"?>
<!-- Generated by org.testng.reporters.JUnitReportReporter -->
<testsuite hostname="DESKTOP-25A5VGP" failures="0" tests="4" name="polovniautomobili.com.CarsTest" time="56.796" errors="0" timestamp="2022-10-13T14:59:05 CEST" skipped="0">
  <testcase classname="polovniautomobili.com.CarsTest" name="searcCarsTest" time="11.634"/>
  <system-out/>
  <testcase classname="polovniautomobili.com.CarsTest" name="dropdownCarTest" time="17.832"/>
  <system-out/>
  <testcase classname="polovniautomobili.com.CarsTest" name="dropdownCarTest" time="15.931"/>
  <system-out/>
  <testcase classname="polovniautomobili.com.CarsTest" name="searcCarsTest" time="11.399"/>
  <system-out/>
</testsuite> <!-- polovniautomobili.com.CarsTest -->
