<?xml version="1.0" encoding="UTF-8"?>
<!-- Generated by org.testng.reporters.JUnitReportReporter -->
<testsuite hostname="DESKTOP-25A5VGP" failures="0" tests="5" name="polovniautomobili.com.MotorcyclesTest" time="52.429" errors="0" timestamp="2022-10-13T14:59:05 CEST" skipped="0">
  <testcase classname="polovniautomobili.com.MotorcyclesTest" name="SearchTypingMotorcycleTest" time="11.855"/>
  <system-out/>
  <testcase classname="polovniautomobili.com.MotorcyclesTest" name="SearchTypingMotorcycleTest" time="12.055"/>
  <system-out/>
  <testcase classname="polovniautomobili.com.MotorcyclesTest" name="dropdownMotorcycTest" time="9.747"/>
  <system-out/>
  <testcase classname="polovniautomobili.com.MotorcyclesTest" name="SearchTypingMotorcycleTest" time="12.053"/>
  <system-out/>
  <testcase classname="polovniautomobili.com.MotorcyclesTest" name="dropdownMotorcycTest" time="6.719"/>
  <system-out/>
</testsuite> <!-- polovniautomobili.com.MotorcyclesTest -->
