<?xml version="1.0" encoding="UTF-8"?>
<!-- Generated by org.testng.reporters.JUnitReportReporter -->
<testsuite hostname="DESKTOP-25A5VGP" failures="0" tests="1" name="polovniautomobili.com.DropdownSelectTest" time="71.475" errors="0" timestamp="2022-09-27T00:17:11 CEST" skipped="0">
  <testcase classname="polovniautomobili.com.DropdownSelectTest" name="carTest" time="71.475"/>
  <system-out/>
</testsuite> <!-- polovniautomobili.com.DropdownSelectTest -->
