<?xml version="1.0" encoding="UTF-8"?>
<!-- Generated by org.testng.reporters.JUnitReportReporter -->
<testsuite hostname="DESKTOP-25A5VGP" failures="0" tests="4" name="polovniautomobili.com.CarsTest" time="266.951" errors="0" timestamp="2022-10-09T12:35:49 CEST" skipped="0">
  <testcase classname="polovniautomobili.com.CarsTest" name="dropdownCarTest" time="231.545"/>
  <system-out/>
  <testcase classname="polovniautomobili.com.CarsTest" name="searcCarsTest" time="9.473"/>
  <system-out/>
  <testcase classname="polovniautomobili.com.CarsTest" name="searcCarsTest" time="10.127"/>
  <system-out/>
  <testcase classname="polovniautomobili.com.CarsTest" name="dropdownCarTest" time="15.806"/>
  <system-out/>
</testsuite> <!-- polovniautomobili.com.CarsTest -->
