<?xml version="1.0" encoding="UTF-8"?>
<!-- Generated by org.testng.reporters.JUnitReportReporter -->
<testsuite hostname="DESKTOP-25A5VGP" failures="0" tests="3" name="polovniautomobili.com.SearchTypingTest" time="39.205" errors="0" timestamp="2022-10-01T21:06:28 CEST" skipped="0">
  <testcase classname="polovniautomobili.com.SearchTypingTest" name="SearchMotorcyclesTest" time="11.973"/>
  <system-out/>
  <testcase classname="polovniautomobili.com.SearchTypingTest" name="SearchMotorcyclesTest" time="14.105"/>
  <system-out/>
  <testcase classname="polovniautomobili.com.SearchTypingTest" name="SearchMotorcyclesTest" time="13.127"/>
  <system-out/>
</testsuite> <!-- polovniautomobili.com.SearchTypingTest -->
