<?xml version="1.0" encoding="UTF-8"?>
<!-- Generated by org.testng.reporters.JUnitReportReporter -->
<testsuite hostname="DESKTOP-25A5VGP" failures="0" tests="1" name="polovniautomobili.com.DropdownSelectTest" time="6.492" errors="0" timestamp="2022-09-27T16:53:35 CEST" skipped="0">
  <testcase classname="polovniautomobili.com.DropdownSelectTest" name="motorcyclesTest" time="6.492"/>
  <system-out/>
</testsuite> <!-- polovniautomobili.com.DropdownSelectTest -->
