<?xml version="1.0" encoding="UTF-8"?>
<!-- Generated by org.testng.reporters.JUnitReportReporter -->
<testsuite hostname="DESKTOP-25A5VGP" failures="0" tests="1" name="polovniautomobili.com.First" time="3.831" errors="0" timestamp="2022-09-19T10:39:18 CEST" skipped="0">
  <testcase classname="polovniautomobili.com.First" name="test" time="3.831"/>
  <system-out/>
</testsuite> <!-- polovniautomobili.com.First -->
