<?xml version="1.0" encoding="UTF-8"?>
<!-- Generated by org.testng.reporters.JUnitReportReporter -->
<testsuite hostname="DESKTOP-25A5VGP" failures="0" tests="1" name="polovniautomobili.com.CheckboxTest" time="43.607" errors="0" timestamp="2022-10-11T14:33:19 CEST" skipped="0">
  <testcase classname="polovniautomobili.com.CheckboxTest" name="selectCheckbox" time="43.607"/>
  <system-out/>
</testsuite> <!-- polovniautomobili.com.CheckboxTest -->
