<?xml version="1.0" encoding="UTF-8"?>
<!-- Generated by org.testng.reporters.JUnitReportReporter -->
<testsuite hostname="DESKTOP-25A5VGP" failures="0" tests="2" name="polovniautomobili.com.SearchTypingTest" time="25.881" errors="0" timestamp="2022-10-01T18:25:42 CEST" skipped="0">
  <testcase classname="polovniautomobili.com.SearchTypingTest" name="SearcCarsTest" time="14.599"/>
  <system-out/>
  <testcase classname="polovniautomobili.com.SearchTypingTest" name="SearcCarsTest" time="11.282"/>
  <system-out/>
</testsuite> <!-- polovniautomobili.com.SearchTypingTest -->
