<?xml version="1.0" encoding="UTF-8"?>
<!-- Generated by org.testng.reporters.JUnitReportReporter -->
<testsuite hostname="DESKTOP-25A5VGP" failures="0" tests="4" name="polovniautomobili.com.CarsTest" time="149.541" errors="0" timestamp="2022-10-11T14:33:19 CEST" skipped="0">
  <testcase classname="polovniautomobili.com.CarsTest" name="dropdownCarTest" time="115.422"/>
  <system-out/>
  <testcase classname="polovniautomobili.com.CarsTest" name="dropdownCarTest" time="15.750"/>
  <system-out/>
  <testcase classname="polovniautomobili.com.CarsTest" name="searcCarsTest" time="8.341"/>
  <system-out/>
  <testcase classname="polovniautomobili.com.CarsTest" name="searcCarsTest" time="10.028"/>
  <system-out/>
</testsuite> <!-- polovniautomobili.com.CarsTest -->
