<?xml version="1.0" encoding="UTF-8"?>
<!-- Generated by org.testng.reporters.JUnitReportReporter -->
<testsuite hostname="DESKTOP-25A5VGP" failures="0" tests="5" name="polovniautomobili.com.MotorcyclesTest" time="47.917" errors="0" timestamp="2022-10-11T14:33:19 CEST" skipped="0">
  <testcase classname="polovniautomobili.com.MotorcyclesTest" name="SearchTypingMotorcycleTest" time="11.843"/>
  <system-out/>
  <testcase classname="polovniautomobili.com.MotorcyclesTest" name="dropdownMotorcycTest" time="5.907"/>
  <system-out/>
  <testcase classname="polovniautomobili.com.MotorcyclesTest" name="dropdownMotorcycTest" time="7.415"/>
  <system-out/>
  <testcase classname="polovniautomobili.com.MotorcyclesTest" name="SearchTypingMotorcycleTest" time="11.271"/>
  <system-out/>
  <testcase classname="polovniautomobili.com.MotorcyclesTest" name="SearchTypingMotorcycleTest" time="11.481"/>
  <system-out/>
</testsuite> <!-- polovniautomobili.com.MotorcyclesTest -->
