<?xml version="1.0" encoding="UTF-8"?>
<!-- Generated by org.testng.reporters.JUnitReportReporter -->
<testsuite hostname="DESKTOP-25A5VGP" failures="0" tests="1" name="polovniautomobili.com.DropdownSelectTest" time="18.867" errors="0" timestamp="2022-09-21T15:40:11 CEST" skipped="0">
  <testcase classname="polovniautomobili.com.DropdownSelectTest" name="motorcyclesTest" time="18.867"/>
  <system-out/>
</testsuite> <!-- polovniautomobili.com.DropdownSelectTest -->
