<?xml version="1.0" encoding="UTF-8"?>
<!-- Generated by org.testng.reporters.JUnitReportReporter -->
<testsuite hostname="DESKTOP-25A5VGP" failures="0" tests="1" name="polovniautomobili.com.CheckboxTest" time="134.344" errors="0" timestamp="2022-10-09T12:35:49 CEST" skipped="0">
  <testcase classname="polovniautomobili.com.CheckboxTest" name="selectCheckbox" time="134.344"/>
  <system-out/>
</testsuite> <!-- polovniautomobili.com.CheckboxTest -->
