<?xml version="1.0" encoding="UTF-8"?>
<!-- Generated by org.testng.reporters.JUnitReportReporter -->
<testsuite hostname="DESKTOP-25A5VGP" failures="0" tests="5" name="polovniautomobili.com.MotorcyclesTest" time="97.218" errors="0" timestamp="2022-10-09T12:35:48 CEST" skipped="0">
  <testcase classname="polovniautomobili.com.MotorcyclesTest" name="dropdownMotorcycTest" time="6.172"/>
  <system-out/>
  <testcase classname="polovniautomobili.com.MotorcyclesTest" name="SearchTypingMotorcycleTest" time="21.106"/>
  <system-out/>
  <testcase classname="polovniautomobili.com.MotorcyclesTest" name="dropdownMotorcycTest" time="7.145"/>
  <system-out/>
  <testcase classname="polovniautomobili.com.MotorcyclesTest" name="SearchTypingMotorcycleTest" time="51.037"/>
  <system-out/>
  <testcase classname="polovniautomobili.com.MotorcyclesTest" name="SearchTypingMotorcycleTest" time="11.758"/>
  <system-out/>
</testsuite> <!-- polovniautomobili.com.MotorcyclesTest -->
