<?xml version="1.0" encoding="UTF-8"?>
<!-- Generated by org.testng.reporters.JUnitReportReporter -->
<testsuite hostname="DESKTOP-25A5VGP" failures="0" tests="5" name="polovniautomobili.com.MotorcyclesTest" time="84.745" errors="0" timestamp="2022-10-07T12:42:51 CEST" skipped="0">
  <testcase classname="polovniautomobili.com.MotorcyclesTest" name="SearchTypingTest" time="17.411"/>
  <system-out/>
  <testcase classname="polovniautomobili.com.MotorcyclesTest" name="SearchTypingTest" time="17.557"/>
  <system-out/>
  <testcase classname="polovniautomobili.com.MotorcyclesTest" name="SearchTypingTest" time="30.247"/>
  <system-out/>
  <testcase classname="polovniautomobili.com.MotorcyclesTest" name="dropdownTest" time="12.531"/>
  <system-out/>
  <testcase classname="polovniautomobili.com.MotorcyclesTest" name="dropdownTest" time="6.999"/>
  <system-out/>
</testsuite> <!-- polovniautomobili.com.MotorcyclesTest -->
