<?xml version="1.0" encoding="UTF-8"?>
<!-- Generated by org.testng.reporters.JUnitReportReporter -->
<testsuite hostname="DESKTOP-25A5VGP" failures="0" tests="2" name="polovniautomobili.com.DropdownSelectTest" time="305.097" errors="0" timestamp="2022-10-01T21:55:09 CEST" skipped="0">
  <testcase classname="polovniautomobili.com.DropdownSelectTest" name="carTest" time="177.763"/>
  <system-out/>
  <testcase classname="polovniautomobili.com.DropdownSelectTest" name="carTest" time="127.334"/>
  <system-out/>
</testsuite> <!-- polovniautomobili.com.DropdownSelectTest -->
